{"/Users/freddy/Desktop/reactjs/TP/jest/src/App.jsx": {"path":"/Users/freddy/Desktop/reactjs/TP/jest/src/App.jsx","statementMap":{"0":{"start":{"line":7,"column":2},"end":{"line":7,"column":17}},"1":{"start":{"line":11,"column":28},"end":{"line":11,"column":39}},"2":{"start":{"line":13,"column":2},"end":{"line":36,"column":3}},"3":{"start":{"line":25,"column":31},"end":{"line":25,"column":61}},"4":{"start":{"line":25,"column":51},"end":{"line":25,"column":60}}},"fnMap":{"0":{"name":"exempleFunction","decl":{"start":{"line":6,"column":16},"end":{"line":6,"column":31}},"loc":{"start":{"line":6,"column":40},"end":{"line":8,"column":1}},"line":6},"1":{"name":"App","decl":{"start":{"line":10,"column":9},"end":{"line":10,"column":12}},"loc":{"start":{"line":10,"column":15},"end":{"line":37,"column":1}},"line":10},"2":{"name":"(anonymous_2)","decl":{"start":{"line":25,"column":25},"end":{"line":25,"column":26}},"loc":{"start":{"line":25,"column":31},"end":{"line":25,"column":61}},"line":25},"3":{"name":"(anonymous_3)","decl":{"start":{"line":25,"column":40},"end":{"line":25,"column":41}},"loc":{"start":{"line":25,"column":51},"end":{"line":25,"column":60}},"line":25}},"branchMap":{},"s":{"0":1,"1":1,"2":1,"3":0,"4":0},"f":{"0":1,"1":1,"2":0,"3":0},"b":{},"_coverageSchema":"1a1c01bbd47fc00a2c39e90264f33305004495a9","hash":"19a6c919bdcf31817575ebc64449ecc1c4497e5a"}
}
